[SMSSensor] error:null Stack:java.lang.NullPointerException
	at com.ubiqlog.sensors.SMSSensor$SMSContentObserver.onChange(SMSSensor.java:92)
	at android.database.ContentObserver.onChange(ContentObserver.java:129)
	at android.database.ContentObserver$NotificationRunnable.run(ContentObserver.java:180)
	at android.os.Handler.handleCallback(Handler.java:615)
	at android.os.Handler.dispatchMessage(Handler.java:92)
	at android.os.Looper.loop(Looper.java:137)
	at android.app.ActivityThread.main(ActivityThread.java:4898)
	at java.lang.reflect.Method.invokeNative(Native Method)
	at java.lang.reflect.Method.invoke(Method.java:511)
	at com.android.internal.os.ZygoteInit$MethodAndArgsCaller.run(ZygoteInit.java:1008)
	at com.android.internal.os.ZygoteInit.main(ZygoteInit.java:775)
	at dalvik.system.NativeStart.main(Native Method)

[SMSSensor] error:null Stack:java.lang.NullPointerException
	at com.ubiqlog.sensors.SMSSensor$SMSContentObserver.onChange(SMSSensor.java:92)
	at android.database.ContentObserver.onChange(ContentObserver.java:129)
	at android.database.ContentObserver$NotificationRunnable.run(ContentObserver.java:180)
	at android.os.Handler.handleCallback(Handler.java:615)
	at android.os.Handler.dispatchMessage(Handler.java:92)
	at android.os.Looper.loop(Looper.java:137)
	at android.app.ActivityThread.main(ActivityThread.java:4898)
	at java.lang.reflect.Method.invokeNative(Native Method)
	at java.lang.reflect.Method.invoke(Method.java:511)
	at com.android.internal.os.ZygoteInit$MethodAndArgsCaller.run(ZygoteInit.java:1008)
	at com.android.internal.os.ZygoteInit.main(ZygoteInit.java:775)
	at dalvik.system.NativeStart.main(Native Method)

[SMSSensor] error:null Stack:java.lang.NullPointerException
	at com.ubiqlog.sensors.SMSSensor$SMSContentObserver.onChange(SMSSensor.java:92)
	at android.database.ContentObserver.onChange(ContentObserver.java:129)
	at android.database.ContentObserver$NotificationRunnable.run(ContentObserver.java:180)
	at android.os.Handler.handleCallback(Handler.java:615)
	at android.os.Handler.dispatchMessage(Handler.java:92)
	at android.os.Looper.loop(Looper.java:137)
	at android.app.ActivityThread.main(ActivityThread.java:4898)
	at java.lang.reflect.Method.invokeNative(Native Method)
	at java.lang.reflect.Method.invoke(Method.java:511)
	at com.android.internal.os.ZygoteInit$MethodAndArgsCaller.run(ZygoteInit.java:1008)
	at com.android.internal.os.ZygoteInit.main(ZygoteInit.java:775)
	at dalvik.system.NativeStart.main(Native Method)

[SMSSensor] error:null Stack:java.lang.NullPointerException
	at com.ubiqlog.sensors.SMSSensor$SMSContentObserver.onChange(SMSSensor.java:92)
	at android.database.ContentObserver.onChange(ContentObserver.java:129)
	at android.database.ContentObserver$NotificationRunnable.run(ContentObserver.java:180)
	at android.os.Handler.handleCallback(Handler.java:615)
	at android.os.Handler.dispatchMessage(Handler.java:92)
	at android.os.Looper.loop(Looper.java:137)
	at android.app.ActivityThread.main(ActivityThread.java:4898)
	at java.lang.reflect.Method.invokeNative(Native Method)
	at java.lang.reflect.Method.invoke(Method.java:511)
	at com.android.internal.os.ZygoteInit$MethodAndArgsCaller.run(ZygoteInit.java:1008)
	at com.android.internal.os.ZygoteInit.main(ZygoteInit.java:775)
	at dalvik.system.NativeStart.main(Native Method)

[SMSSensor] error:null Stack:java.lang.NullPointerException
	at com.ubiqlog.sensors.SMSSensor$SMSContentObserver.onChange(SMSSensor.java:92)
	at android.database.ContentObserver.onChange(ContentObserver.java:129)
	at android.database.ContentObserver$NotificationRunnable.run(ContentObserver.java:180)
	at android.os.Handler.handleCallback(Handler.java:615)
	at android.os.Handler.dispatchMessage(Handler.java:92)
	at android.os.Looper.loop(Looper.java:137)
	at android.app.ActivityThread.main(ActivityThread.java:4898)
	at java.lang.reflect.Method.invokeNative(Native Method)
	at java.lang.reflect.Method.invoke(Method.java:511)
	at com.android.internal.os.ZygoteInit$MethodAndArgsCaller.run(ZygoteInit.java:1008)
	at com.android.internal.os.ZygoteInit.main(ZygoteInit.java:775)
	at dalvik.system.NativeStart.main(Native Method)

[SMSSensor] error:null Stack:java.lang.NullPointerException
	at com.ubiqlog.sensors.SMSSensor$SMSContentObserver.onChange(SMSSensor.java:92)
	at android.database.ContentObserver.onChange(ContentObserver.java:129)
	at android.database.ContentObserver$NotificationRunnable.run(ContentObserver.java:180)
	at android.os.Handler.handleCallback(Handler.java:615)
	at android.os.Handler.dispatchMessage(Handler.java:92)
	at android.os.Looper.loop(Looper.java:137)
	at android.app.ActivityThread.main(ActivityThread.java:4898)
	at java.lang.reflect.Method.invokeNative(Native Method)
	at java.lang.reflect.Method.invoke(Method.java:511)
	at com.android.internal.os.ZygoteInit$MethodAndArgsCaller.run(ZygoteInit.java:1008)
	at com.android.internal.os.ZygoteInit.main(ZygoteInit.java:775)
	at dalvik.system.NativeStart.main(Native Method)

[SMSSensor] error:null Stack:java.lang.NullPointerException
	at com.ubiqlog.sensors.SMSSensor$SMSContentObserver.onChange(SMSSensor.java:92)
	at android.database.ContentObserver.onChange(ContentObserver.java:129)
	at android.database.ContentObserver$NotificationRunnable.run(ContentObserver.java:180)
	at android.os.Handler.handleCallback(Handler.java:615)
	at android.os.Handler.dispatchMessage(Handler.java:92)
	at android.os.Looper.loop(Looper.java:137)
	at android.app.ActivityThread.main(ActivityThread.java:4898)
	at java.lang.reflect.Method.invokeNative(Native Method)
	at java.lang.reflect.Method.invoke(Method.java:511)
	at com.android.internal.os.ZygoteInit$MethodAndArgsCaller.run(ZygoteInit.java:1008)
	at com.android.internal.os.ZygoteInit.main(ZygoteInit.java:775)
	at dalvik.system.NativeStart.main(Native Method)

[SMSSensor] error:null Stack:java.lang.NullPointerException
	at com.ubiqlog.sensors.SMSSensor$SMSContentObserver.onChange(SMSSensor.java:92)
	at android.database.ContentObserver.onChange(ContentObserver.java:129)
	at android.database.ContentObserver$NotificationRunnable.run(ContentObserver.java:180)
	at android.os.Handler.handleCallback(Handler.java:615)
	at android.os.Handler.dispatchMessage(Handler.java:92)
	at android.os.Looper.loop(Looper.java:137)
	at android.app.ActivityThread.main(ActivityThread.java:4898)
	at java.lang.reflect.Method.invokeNative(Native Method)
	at java.lang.reflect.Method.invoke(Method.java:511)
	at com.android.internal.os.ZygoteInit$MethodAndArgsCaller.run(ZygoteInit.java:1008)
	at com.android.internal.os.ZygoteInit.main(ZygoteInit.java:775)
	at dalvik.system.NativeStart.main(Native Method)

[SMSSensor] error:null Stack:java.lang.NullPointerException
	at com.ubiqlog.sensors.SMSSensor$SMSContentObserver.onChange(SMSSensor.java:92)
	at android.database.ContentObserver.onChange(ContentObserver.java:129)
	at android.database.ContentObserver$NotificationRunnable.run(ContentObserver.java:180)
	at android.os.Handler.handleCallback(Handler.java:615)
	at android.os.Handler.dispatchMessage(Handler.java:92)
	at android.os.Looper.loop(Looper.java:137)
	at android.app.ActivityThread.main(ActivityThread.java:4898)
	at java.lang.reflect.Method.invokeNative(Native Method)
	at java.lang.reflect.Method.invoke(Method.java:511)
	at com.android.internal.os.ZygoteInit$MethodAndArgsCaller.run(ZygoteInit.java:1008)
	at com.android.internal.os.ZygoteInit.main(ZygoteInit.java:775)
	at dalvik.system.NativeStart.main(Native Method)

[SMSSensor] error:null Stack:java.lang.NullPointerException
	at com.ubiqlog.sensors.SMSSensor$SMSContentObserver.onChange(SMSSensor.java:92)
	at android.database.ContentObserver.onChange(ContentObserver.java:129)
	at android.database.ContentObserver$NotificationRunnable.run(ContentObserver.java:180)
	at android.os.Handler.handleCallback(Handler.java:615)
	at android.os.Handler.dispatchMessage(Handler.java:92)
	at android.os.Looper.loop(Looper.java:137)
	at android.app.ActivityThread.main(ActivityThread.java:4898)
	at java.lang.reflect.Method.invokeNative(Native Method)
	at java.lang.reflect.Method.invoke(Method.java:511)
	at com.android.internal.os.ZygoteInit$MethodAndArgsCaller.run(ZygoteInit.java:1008)
	at com.android.internal.os.ZygoteInit.main(ZygoteInit.java:775)
	at dalvik.system.NativeStart.main(Native Method)

[SMSSensor] error:null Stack:java.lang.NullPointerException
	at com.ubiqlog.sensors.SMSSensor$SMSContentObserver.onChange(SMSSensor.java:92)
	at android.database.ContentObserver.onChange(ContentObserver.java:129)
	at android.database.ContentObserver$NotificationRunnable.run(ContentObserver.java:180)
	at android.os.Handler.handleCallback(Handler.java:615)
	at android.os.Handler.dispatchMessage(Handler.java:92)
	at android.os.Looper.loop(Looper.java:137)
	at android.app.ActivityThread.main(ActivityThread.java:4898)
	at java.lang.reflect.Method.invokeNative(Native Method)
	at java.lang.reflect.Method.invoke(Method.java:511)
	at com.android.internal.os.ZygoteInit$MethodAndArgsCaller.run(ZygoteInit.java:1008)
	at com.android.internal.os.ZygoteInit.main(ZygoteInit.java:775)
	at dalvik.system.NativeStart.main(Native Method)

[SMSSensor] error:null Stack:java.lang.NullPointerException
	at com.ubiqlog.sensors.SMSSensor$SMSContentObserver.onChange(SMSSensor.java:92)
	at android.database.ContentObserver.onChange(ContentObserver.java:129)
	at android.database.ContentObserver$NotificationRunnable.run(ContentObserver.java:180)
	at android.os.Handler.handleCallback(Handler.java:615)
	at android.os.Handler.dispatchMessage(Handler.java:92)
	at android.os.Looper.loop(Looper.java:137)
	at android.app.ActivityThread.main(ActivityThread.java:4898)
	at java.lang.reflect.Method.invokeNative(Native Method)
	at java.lang.reflect.Method.invoke(Method.java:511)
	at com.android.internal.os.ZygoteInit$MethodAndArgsCaller.run(ZygoteInit.java:1008)
	at com.android.internal.os.ZygoteInit.main(ZygoteInit.java:775)
	at dalvik.system.NativeStart.main(Native Method)

[SMSSensor] error:null Stack:java.lang.NullPointerException
	at com.ubiqlog.sensors.SMSSensor$SMSContentObserver.onChange(SMSSensor.java:92)
	at android.database.ContentObserver.onChange(ContentObserver.java:129)
	at android.database.ContentObserver$NotificationRunnable.run(ContentObserver.java:180)
	at android.os.Handler.handleCallback(Handler.java:615)
	at android.os.Handler.dispatchMessage(Handler.java:92)
	at android.os.Looper.loop(Looper.java:137)
	at android.app.ActivityThread.main(ActivityThread.java:4898)
	at java.lang.reflect.Method.invokeNative(Native Method)
	at java.lang.reflect.Method.invoke(Method.java:511)
	at com.android.internal.os.ZygoteInit$MethodAndArgsCaller.run(ZygoteInit.java:1008)
	at com.android.internal.os.ZygoteInit.main(ZygoteInit.java:775)
	at dalvik.system.NativeStart.main(Native Method)

[SMSSensor] error:null Stack:java.lang.NullPointerException
	at com.ubiqlog.sensors.SMSSensor$SMSContentObserver.onChange(SMSSensor.java:92)
	at android.database.ContentObserver.onChange(ContentObserver.java:129)
	at android.database.ContentObserver$NotificationRunnable.run(ContentObserver.java:180)
	at android.os.Handler.handleCallback(Handler.java:615)
	at android.os.Handler.dispatchMessage(Handler.java:92)
	at android.os.Looper.loop(Looper.java:137)
	at android.app.ActivityThread.main(ActivityThread.java:4898)
	at java.lang.reflect.Method.invokeNative(Native Method)
	at java.lang.reflect.Method.invoke(Method.java:511)
	at com.android.internal.os.ZygoteInit$MethodAndArgsCaller.run(ZygoteInit.java:1008)
	at com.android.internal.os.ZygoteInit.main(ZygoteInit.java:775)
	at dalvik.system.NativeStart.main(Native Method)

