[LocationGS-Logging] error:null Stack:java.lang.NullPointerException
	at com.ubiqlog.sensors.LocationGSSensor.readSensor(LocationGSSensor.java:108)
	at com.ubiqlog.sensors.LocationGSSensor.onConnected(LocationGSSensor.java:145)
	at com.google.android.gms.internal.k.y(Unknown Source)
	at com.google.android.gms.internal.k$f.a(Unknown Source)
	at com.google.android.gms.internal.k$f.a(Unknown Source)
	at com.google.android.gms.internal.k$b.D(Unknown Source)
	at com.google.android.gms.internal.k$a.handleMessage(Unknown Source)
	at android.os.Handler.dispatchMessage(Handler.java:99)
	at android.os.Looper.loop(Looper.java:130)
	at android.app.ActivityThread.main(ActivityThread.java:3687)
	at java.lang.reflect.Method.invokeNative(Native Method)
	at java.lang.reflect.Method.invoke(Method.java:507)
	at com.android.internal.os.ZygoteInit$MethodAndArgsCaller.run(ZygoteInit.java:867)
	at com.android.internal.os.ZygoteInit.main(ZygoteInit.java:625)
	at dalvik.system.NativeStart.main(Native Method)

[LocationGS-Logging] error:null Stack:java.lang.NullPointerException
	at com.ubiqlog.sensors.LocationGSSensor.readSensor(LocationGSSensor.java:108)
	at com.ubiqlog.sensors.LocationGSSensor.onConnected(LocationGSSensor.java:145)
	at com.google.android.gms.internal.k.y(Unknown Source)
	at com.google.android.gms.internal.k$f.a(Unknown Source)
	at com.google.android.gms.internal.k$f.a(Unknown Source)
	at com.google.android.gms.internal.k$b.D(Unknown Source)
	at com.google.android.gms.internal.k$a.handleMessage(Unknown Source)
	at android.os.Handler.dispatchMessage(Handler.java:99)
	at android.os.Looper.loop(Looper.java:130)
	at android.app.ActivityThread.main(ActivityThread.java:3687)
	at java.lang.reflect.Method.invokeNative(Native Method)
	at java.lang.reflect.Method.invoke(Method.java:507)
	at com.android.internal.os.ZygoteInit$MethodAndArgsCaller.run(ZygoteInit.java:867)
	at com.android.internal.os.ZygoteInit.main(ZygoteInit.java:625)
	at dalvik.system.NativeStart.main(Native Method)

[LocationGS-Logging] error:null Stack:java.lang.NullPointerException
	at com.ubiqlog.sensors.LocationGSSensor.readSensor(LocationGSSensor.java:108)
	at com.ubiqlog.sensors.LocationGSSensor.onConnected(LocationGSSensor.java:145)
	at com.google.android.gms.internal.k.y(Unknown Source)
	at com.google.android.gms.internal.k$f.a(Unknown Source)
	at com.google.android.gms.internal.k$f.a(Unknown Source)
	at com.google.android.gms.internal.k$b.D(Unknown Source)
	at com.google.android.gms.internal.k$a.handleMessage(Unknown Source)
	at android.os.Handler.dispatchMessage(Handler.java:99)
	at android.os.Looper.loop(Looper.java:130)
	at android.app.ActivityThread.main(ActivityThread.java:3687)
	at java.lang.reflect.Method.invokeNative(Native Method)
	at java.lang.reflect.Method.invoke(Method.java:507)
	at com.android.internal.os.ZygoteInit$MethodAndArgsCaller.run(ZygoteInit.java:867)
	at com.android.internal.os.ZygoteInit.main(ZygoteInit.java:625)
	at dalvik.system.NativeStart.main(Native Method)

[LocationGS-Logging] error:null Stack:java.lang.NullPointerException
	at com.ubiqlog.sensors.LocationGSSensor.readSensor(LocationGSSensor.java:108)
	at com.ubiqlog.sensors.LocationGSSensor.onConnected(LocationGSSensor.java:145)
	at com.google.android.gms.internal.k.y(Unknown Source)
	at com.google.android.gms.internal.k$f.a(Unknown Source)
	at com.google.android.gms.internal.k$f.a(Unknown Source)
	at com.google.android.gms.internal.k$b.D(Unknown Source)
	at com.google.android.gms.internal.k$a.handleMessage(Unknown Source)
	at android.os.Handler.dispatchMessage(Handler.java:99)
	at android.os.Looper.loop(Looper.java:130)
	at android.app.ActivityThread.main(ActivityThread.java:3687)
	at java.lang.reflect.Method.invokeNative(Native Method)
	at java.lang.reflect.Method.invoke(Method.java:507)
	at com.android.internal.os.ZygoteInit$MethodAndArgsCaller.run(ZygoteInit.java:867)
	at com.android.internal.os.ZygoteInit.main(ZygoteInit.java:625)
	at dalvik.system.NativeStart.main(Native Method)

[LocationGS-Logging] error:null Stack:java.lang.NullPointerException
	at com.ubiqlog.sensors.LocationGSSensor.readSensor(LocationGSSensor.java:108)
	at com.ubiqlog.sensors.LocationGSSensor.onConnected(LocationGSSensor.java:145)
	at com.google.android.gms.internal.k.y(Unknown Source)
	at com.google.android.gms.internal.k$f.a(Unknown Source)
	at com.google.android.gms.internal.k$f.a(Unknown Source)
	at com.google.android.gms.internal.k$b.D(Unknown Source)
	at com.google.android.gms.internal.k$a.handleMessage(Unknown Source)
	at android.os.Handler.dispatchMessage(Handler.java:99)
	at android.os.Looper.loop(Looper.java:130)
	at android.app.ActivityThread.main(ActivityThread.java:3687)
	at java.lang.reflect.Method.invokeNative(Native Method)
	at java.lang.reflect.Method.invoke(Method.java:507)
	at com.android.internal.os.ZygoteInit$MethodAndArgsCaller.run(ZygoteInit.java:867)
	at com.android.internal.os.ZygoteInit.main(ZygoteInit.java:625)
	at dalvik.system.NativeStart.main(Native Method)

[LocationGS-Logging] error:null Stack:java.lang.NullPointerException
	at com.ubiqlog.sensors.LocationGSSensor.readSensor(LocationGSSensor.java:108)
	at com.ubiqlog.sensors.LocationGSSensor.onConnected(LocationGSSensor.java:145)
	at com.google.android.gms.internal.k.y(Unknown Source)
	at com.google.android.gms.internal.k$f.a(Unknown Source)
	at com.google.android.gms.internal.k$f.a(Unknown Source)
	at com.google.android.gms.internal.k$b.D(Unknown Source)
	at com.google.android.gms.internal.k$a.handleMessage(Unknown Source)
	at android.os.Handler.dispatchMessage(Handler.java:99)
	at android.os.Looper.loop(Looper.java:130)
	at android.app.ActivityThread.main(ActivityThread.java:3687)
	at java.lang.reflect.Method.invokeNative(Native Method)
	at java.lang.reflect.Method.invoke(Method.java:507)
	at com.android.internal.os.ZygoteInit$MethodAndArgsCaller.run(ZygoteInit.java:867)
	at com.android.internal.os.ZygoteInit.main(ZygoteInit.java:625)
	at dalvik.system.NativeStart.main(Native Method)

[LocationGS-Logging] error:null Stack:java.lang.NullPointerException
	at com.ubiqlog.sensors.LocationGSSensor.readSensor(LocationGSSensor.java:108)
	at com.ubiqlog.sensors.LocationGSSensor.onConnected(LocationGSSensor.java:145)
	at com.google.android.gms.internal.k.y(Unknown Source)
	at com.google.android.gms.internal.k$f.a(Unknown Source)
	at com.google.android.gms.internal.k$f.a(Unknown Source)
	at com.google.android.gms.internal.k$b.D(Unknown Source)
	at com.google.android.gms.internal.k$a.handleMessage(Unknown Source)
	at android.os.Handler.dispatchMessage(Handler.java:99)
	at android.os.Looper.loop(Looper.java:130)
	at android.app.ActivityThread.main(ActivityThread.java:3687)
	at java.lang.reflect.Method.invokeNative(Native Method)
	at java.lang.reflect.Method.invoke(Method.java:507)
	at com.android.internal.os.ZygoteInit$MethodAndArgsCaller.run(ZygoteInit.java:867)
	at com.android.internal.os.ZygoteInit.main(ZygoteInit.java:625)
	at dalvik.system.NativeStart.main(Native Method)

[LocationGS-Logging] error:null Stack:java.lang.NullPointerException
	at com.ubiqlog.sensors.LocationGSSensor.readSensor(LocationGSSensor.java:108)
	at com.ubiqlog.sensors.LocationGSSensor.onConnected(LocationGSSensor.java:145)
	at com.google.android.gms.internal.k.y(Unknown Source)
	at com.google.android.gms.internal.k$f.a(Unknown Source)
	at com.google.android.gms.internal.k$f.a(Unknown Source)
	at com.google.android.gms.internal.k$b.D(Unknown Source)
	at com.google.android.gms.internal.k$a.handleMessage(Unknown Source)
	at android.os.Handler.dispatchMessage(Handler.java:99)
	at android.os.Looper.loop(Looper.java:130)
	at android.app.ActivityThread.main(ActivityThread.java:3687)
	at java.lang.reflect.Method.invokeNative(Native Method)
	at java.lang.reflect.Method.invoke(Method.java:507)
	at com.android.internal.os.ZygoteInit$MethodAndArgsCaller.run(ZygoteInit.java:867)
	at com.android.internal.os.ZygoteInit.main(ZygoteInit.java:625)
	at dalvik.system.NativeStart.main(Native Method)

[LocationGS-Logging] error:null Stack:java.lang.NullPointerException
	at com.ubiqlog.sensors.LocationGSSensor.readSensor(LocationGSSensor.java:108)
	at com.ubiqlog.sensors.LocationGSSensor.onConnected(LocationGSSensor.java:145)
	at com.google.android.gms.internal.k.y(Unknown Source)
	at com.google.android.gms.internal.k$f.a(Unknown Source)
	at com.google.android.gms.internal.k$f.a(Unknown Source)
	at com.google.android.gms.internal.k$b.D(Unknown Source)
	at com.google.android.gms.internal.k$a.handleMessage(Unknown Source)
	at android.os.Handler.dispatchMessage(Handler.java:99)
	at android.os.Looper.loop(Looper.java:130)
	at android.app.ActivityThread.main(ActivityThread.java:3687)
	at java.lang.reflect.Method.invokeNative(Native Method)
	at java.lang.reflect.Method.invoke(Method.java:507)
	at com.android.internal.os.ZygoteInit$MethodAndArgsCaller.run(ZygoteInit.java:867)
	at com.android.internal.os.ZygoteInit.main(ZygoteInit.java:625)
	at dalvik.system.NativeStart.main(Native Method)

[LocationGS-Logging] error:null Stack:java.lang.NullPointerException
	at com.ubiqlog.sensors.LocationGSSensor.readSensor(LocationGSSensor.java:108)
	at com.ubiqlog.sensors.LocationGSSensor.onConnected(LocationGSSensor.java:145)
	at com.google.android.gms.internal.k.y(Unknown Source)
	at com.google.android.gms.internal.k$f.a(Unknown Source)
	at com.google.android.gms.internal.k$f.a(Unknown Source)
	at com.google.android.gms.internal.k$b.D(Unknown Source)
	at com.google.android.gms.internal.k$a.handleMessage(Unknown Source)
	at android.os.Handler.dispatchMessage(Handler.java:99)
	at android.os.Looper.loop(Looper.java:130)
	at android.app.ActivityThread.main(ActivityThread.java:3687)
	at java.lang.reflect.Method.invokeNative(Native Method)
	at java.lang.reflect.Method.invoke(Method.java:507)
	at com.android.internal.os.ZygoteInit$MethodAndArgsCaller.run(ZygoteInit.java:867)
	at com.android.internal.os.ZygoteInit.main(ZygoteInit.java:625)
	at dalvik.system.NativeStart.main(Native Method)

[LocationGS-Logging] error:null Stack:java.lang.NullPointerException
	at com.ubiqlog.sensors.LocationGSSensor.readSensor(LocationGSSensor.java:108)
	at com.ubiqlog.sensors.LocationGSSensor.onConnected(LocationGSSensor.java:145)
	at com.google.android.gms.internal.k.y(Unknown Source)
	at com.google.android.gms.internal.k$f.a(Unknown Source)
	at com.google.android.gms.internal.k$f.a(Unknown Source)
	at com.google.android.gms.internal.k$b.D(Unknown Source)
	at com.google.android.gms.internal.k$a.handleMessage(Unknown Source)
	at android.os.Handler.dispatchMessage(Handler.java:99)
	at android.os.Looper.loop(Looper.java:130)
	at android.app.ActivityThread.main(ActivityThread.java:3687)
	at java.lang.reflect.Method.invokeNative(Native Method)
	at java.lang.reflect.Method.invoke(Method.java:507)
	at com.android.internal.os.ZygoteInit$MethodAndArgsCaller.run(ZygoteInit.java:867)
	at com.android.internal.os.ZygoteInit.main(ZygoteInit.java:625)
	at dalvik.system.NativeStart.main(Native Method)

[LocationGS-Logging] error:null Stack:java.lang.NullPointerException
	at com.ubiqlog.sensors.LocationGSSensor.readSensor(LocationGSSensor.java:108)
	at com.ubiqlog.sensors.LocationGSSensor.onConnected(LocationGSSensor.java:145)
	at com.google.android.gms.internal.k.y(Unknown Source)
	at com.google.android.gms.internal.k$f.a(Unknown Source)
	at com.google.android.gms.internal.k$f.a(Unknown Source)
	at com.google.android.gms.internal.k$b.D(Unknown Source)
	at com.google.android.gms.internal.k$a.handleMessage(Unknown Source)
	at android.os.Handler.dispatchMessage(Handler.java:99)
	at android.os.Looper.loop(Looper.java:130)
	at android.app.ActivityThread.main(ActivityThread.java:3687)
	at java.lang.reflect.Method.invokeNative(Native Method)
	at java.lang.reflect.Method.invoke(Method.java:507)
	at com.android.internal.os.ZygoteInit$MethodAndArgsCaller.run(ZygoteInit.java:867)
	at com.android.internal.os.ZygoteInit.main(ZygoteInit.java:625)
	at dalvik.system.NativeStart.main(Native Method)

[LocationGS-Logging] error:null Stack:java.lang.NullPointerException
	at com.ubiqlog.sensors.LocationGSSensor.readSensor(LocationGSSensor.java:108)
	at com.ubiqlog.sensors.LocationGSSensor.onConnected(LocationGSSensor.java:145)
	at com.google.android.gms.internal.k.y(Unknown Source)
	at com.google.android.gms.internal.k$f.a(Unknown Source)
	at com.google.android.gms.internal.k$f.a(Unknown Source)
	at com.google.android.gms.internal.k$b.D(Unknown Source)
	at com.google.android.gms.internal.k$a.handleMessage(Unknown Source)
	at android.os.Handler.dispatchMessage(Handler.java:99)
	at android.os.Looper.loop(Looper.java:130)
	at android.app.ActivityThread.main(ActivityThread.java:3687)
	at java.lang.reflect.Method.invokeNative(Native Method)
	at java.lang.reflect.Method.invoke(Method.java:507)
	at com.android.internal.os.ZygoteInit$MethodAndArgsCaller.run(ZygoteInit.java:867)
	at com.android.internal.os.ZygoteInit.main(ZygoteInit.java:625)
	at dalvik.system.NativeStart.main(Native Method)

[LocationGS-Logging] error:null Stack:java.lang.NullPointerException
	at com.ubiqlog.sensors.LocationGSSensor.readSensor(LocationGSSensor.java:108)
	at com.ubiqlog.sensors.LocationGSSensor.onConnected(LocationGSSensor.java:145)
	at com.google.android.gms.internal.k.y(Unknown Source)
	at com.google.android.gms.internal.k$f.a(Unknown Source)
	at com.google.android.gms.internal.k$f.a(Unknown Source)
	at com.google.android.gms.internal.k$b.D(Unknown Source)
	at com.google.android.gms.internal.k$a.handleMessage(Unknown Source)
	at android.os.Handler.dispatchMessage(Handler.java:99)
	at android.os.Looper.loop(Looper.java:130)
	at android.app.ActivityThread.main(ActivityThread.java:3687)
	at java.lang.reflect.Method.invokeNative(Native Method)
	at java.lang.reflect.Method.invoke(Method.java:507)
	at com.android.internal.os.ZygoteInit$MethodAndArgsCaller.run(ZygoteInit.java:867)
	at com.android.internal.os.ZygoteInit.main(ZygoteInit.java:625)
	at dalvik.system.NativeStart.main(Native Method)

[LocationGS-Logging] error:null Stack:java.lang.NullPointerException
	at com.ubiqlog.sensors.LocationGSSensor.readSensor(LocationGSSensor.java:108)
	at com.ubiqlog.sensors.LocationGSSensor.onConnected(LocationGSSensor.java:145)
	at com.google.android.gms.internal.k.y(Unknown Source)
	at com.google.android.gms.internal.k$f.a(Unknown Source)
	at com.google.android.gms.internal.k$f.a(Unknown Source)
	at com.google.android.gms.internal.k$b.D(Unknown Source)
	at com.google.android.gms.internal.k$a.handleMessage(Unknown Source)
	at android.os.Handler.dispatchMessage(Handler.java:99)
	at android.os.Looper.loop(Looper.java:130)
	at android.app.ActivityThread.main(ActivityThread.java:3687)
	at java.lang.reflect.Method.invokeNative(Native Method)
	at java.lang.reflect.Method.invoke(Method.java:507)
	at com.android.internal.os.ZygoteInit$MethodAndArgsCaller.run(ZygoteInit.java:867)
	at com.android.internal.os.ZygoteInit.main(ZygoteInit.java:625)
	at dalvik.system.NativeStart.main(Native Method)

[LocationGS-Logging] error:null Stack:java.lang.NullPointerException
	at com.ubiqlog.sensors.LocationGSSensor.readSensor(LocationGSSensor.java:108)
	at com.ubiqlog.sensors.LocationGSSensor.onConnected(LocationGSSensor.java:145)
	at com.google.android.gms.internal.k.y(Unknown Source)
	at com.google.android.gms.internal.k$f.a(Unknown Source)
	at com.google.android.gms.internal.k$f.a(Unknown Source)
	at com.google.android.gms.internal.k$b.D(Unknown Source)
	at com.google.android.gms.internal.k$a.handleMessage(Unknown Source)
	at android.os.Handler.dispatchMessage(Handler.java:99)
	at android.os.Looper.loop(Looper.java:130)
	at android.app.ActivityThread.main(ActivityThread.java:3687)
	at java.lang.reflect.Method.invokeNative(Native Method)
	at java.lang.reflect.Method.invoke(Method.java:507)
	at com.android.internal.os.ZygoteInit$MethodAndArgsCaller.run(ZygoteInit.java:867)
	at com.android.internal.os.ZygoteInit.main(ZygoteInit.java:625)
	at dalvik.system.NativeStart.main(Native Method)

[LocationGS-Logging] error:null Stack:java.lang.NullPointerException
	at com.ubiqlog.sensors.LocationGSSensor.readSensor(LocationGSSensor.java:108)
	at com.ubiqlog.sensors.LocationGSSensor.onConnected(LocationGSSensor.java:145)
	at com.google.android.gms.internal.k.y(Unknown Source)
	at com.google.android.gms.internal.k$f.a(Unknown Source)
	at com.google.android.gms.internal.k$f.a(Unknown Source)
	at com.google.android.gms.internal.k$b.D(Unknown Source)
	at com.google.android.gms.internal.k$a.handleMessage(Unknown Source)
	at android.os.Handler.dispatchMessage(Handler.java:99)
	at android.os.Looper.loop(Looper.java:130)
	at android.app.ActivityThread.main(ActivityThread.java:3687)
	at java.lang.reflect.Method.invokeNative(Native Method)
	at java.lang.reflect.Method.invoke(Method.java:507)
	at com.android.internal.os.ZygoteInit$MethodAndArgsCaller.run(ZygoteInit.java:867)
	at com.android.internal.os.ZygoteInit.main(ZygoteInit.java:625)
	at dalvik.system.NativeStart.main(Native Method)

[LocationGS-Logging] error:null Stack:java.lang.NullPointerException
	at com.ubiqlog.sensors.LocationGSSensor.readSensor(LocationGSSensor.java:108)
	at com.ubiqlog.sensors.LocationGSSensor.onConnected(LocationGSSensor.java:145)
	at com.google.android.gms.internal.k.y(Unknown Source)
	at com.google.android.gms.internal.k$f.a(Unknown Source)
	at com.google.android.gms.internal.k$f.a(Unknown Source)
	at com.google.android.gms.internal.k$b.D(Unknown Source)
	at com.google.android.gms.internal.k$a.handleMessage(Unknown Source)
	at android.os.Handler.dispatchMessage(Handler.java:99)
	at android.os.Looper.loop(Looper.java:130)
	at android.app.ActivityThread.main(ActivityThread.java:3687)
	at java.lang.reflect.Method.invokeNative(Native Method)
	at java.lang.reflect.Method.invoke(Method.java:507)
	at com.android.internal.os.ZygoteInit$MethodAndArgsCaller.run(ZygoteInit.java:867)
	at com.android.internal.os.ZygoteInit.main(ZygoteInit.java:625)
	at dalvik.system.NativeStart.main(Native Method)

[LocationGS-Logging] error:null Stack:java.lang.NullPointerException
	at com.ubiqlog.sensors.LocationGSSensor.readSensor(LocationGSSensor.java:108)
	at com.ubiqlog.sensors.LocationGSSensor.onConnected(LocationGSSensor.java:145)
	at com.google.android.gms.internal.k.y(Unknown Source)
	at com.google.android.gms.internal.k$f.a(Unknown Source)
	at com.google.android.gms.internal.k$f.a(Unknown Source)
	at com.google.android.gms.internal.k$b.D(Unknown Source)
	at com.google.android.gms.internal.k$a.handleMessage(Unknown Source)
	at android.os.Handler.dispatchMessage(Handler.java:99)
	at android.os.Looper.loop(Looper.java:130)
	at android.app.ActivityThread.main(ActivityThread.java:3687)
	at java.lang.reflect.Method.invokeNative(Native Method)
	at java.lang.reflect.Method.invoke(Method.java:507)
	at com.android.internal.os.ZygoteInit$MethodAndArgsCaller.run(ZygoteInit.java:867)
	at com.android.internal.os.ZygoteInit.main(ZygoteInit.java:625)
	at dalvik.system.NativeStart.main(Native Method)

[LocationGS-Logging] error:null Stack:java.lang.NullPointerException
	at com.ubiqlog.sensors.LocationGSSensor.readSensor(LocationGSSensor.java:108)
	at com.ubiqlog.sensors.LocationGSSensor.onConnected(LocationGSSensor.java:145)
	at com.google.android.gms.internal.k.y(Unknown Source)
	at com.google.android.gms.internal.k$f.a(Unknown Source)
	at com.google.android.gms.internal.k$f.a(Unknown Source)
	at com.google.android.gms.internal.k$b.D(Unknown Source)
	at com.google.android.gms.internal.k$a.handleMessage(Unknown Source)
	at android.os.Handler.dispatchMessage(Handler.java:99)
	at android.os.Looper.loop(Looper.java:130)
	at android.app.ActivityThread.main(ActivityThread.java:3687)
	at java.lang.reflect.Method.invokeNative(Native Method)
	at java.lang.reflect.Method.invoke(Method.java:507)
	at com.android.internal.os.ZygoteInit$MethodAndArgsCaller.run(ZygoteInit.java:867)
	at com.android.internal.os.ZygoteInit.main(ZygoteInit.java:625)
	at dalvik.system.NativeStart.main(Native Method)

[LocationGS-Logging] error:null Stack:java.lang.NullPointerException
	at com.ubiqlog.sensors.LocationGSSensor.readSensor(LocationGSSensor.java:108)
	at com.ubiqlog.sensors.LocationGSSensor.onConnected(LocationGSSensor.java:145)
	at com.google.android.gms.internal.k.y(Unknown Source)
	at com.google.android.gms.internal.k$f.a(Unknown Source)
	at com.google.android.gms.internal.k$f.a(Unknown Source)
	at com.google.android.gms.internal.k$b.D(Unknown Source)
	at com.google.android.gms.internal.k$a.handleMessage(Unknown Source)
	at android.os.Handler.dispatchMessage(Handler.java:99)
	at android.os.Looper.loop(Looper.java:130)
	at android.app.ActivityThread.main(ActivityThread.java:3687)
	at java.lang.reflect.Method.invokeNative(Native Method)
	at java.lang.reflect.Method.invoke(Method.java:507)
	at com.android.internal.os.ZygoteInit$MethodAndArgsCaller.run(ZygoteInit.java:867)
	at com.android.internal.os.ZygoteInit.main(ZygoteInit.java:625)
	at dalvik.system.NativeStart.main(Native Method)

[LocationGS-Logging] error:null Stack:java.lang.NullPointerException
	at com.ubiqlog.sensors.LocationGSSensor.readSensor(LocationGSSensor.java:108)
	at com.ubiqlog.sensors.LocationGSSensor.onConnected(LocationGSSensor.java:145)
	at com.google.android.gms.internal.k.y(Unknown Source)
	at com.google.android.gms.internal.k$f.a(Unknown Source)
	at com.google.android.gms.internal.k$f.a(Unknown Source)
	at com.google.android.gms.internal.k$b.D(Unknown Source)
	at com.google.android.gms.internal.k$a.handleMessage(Unknown Source)
	at android.os.Handler.dispatchMessage(Handler.java:99)
	at android.os.Looper.loop(Looper.java:130)
	at android.app.ActivityThread.main(ActivityThread.java:3687)
	at java.lang.reflect.Method.invokeNative(Native Method)
	at java.lang.reflect.Method.invoke(Method.java:507)
	at com.android.internal.os.ZygoteInit$MethodAndArgsCaller.run(ZygoteInit.java:867)
	at com.android.internal.os.ZygoteInit.main(ZygoteInit.java:625)
	at dalvik.system.NativeStart.main(Native Method)

[LocationGS-Logging] error:null Stack:java.lang.NullPointerException
	at com.ubiqlog.sensors.LocationGSSensor.readSensor(LocationGSSensor.java:108)
	at com.ubiqlog.sensors.LocationGSSensor.onConnected(LocationGSSensor.java:145)
	at com.google.android.gms.internal.k.y(Unknown Source)
	at com.google.android.gms.internal.k$f.a(Unknown Source)
	at com.google.android.gms.internal.k$f.a(Unknown Source)
	at com.google.android.gms.internal.k$b.D(Unknown Source)
	at com.google.android.gms.internal.k$a.handleMessage(Unknown Source)
	at android.os.Handler.dispatchMessage(Handler.java:99)
	at android.os.Looper.loop(Looper.java:130)
	at android.app.ActivityThread.main(ActivityThread.java:3687)
	at java.lang.reflect.Method.invokeNative(Native Method)
	at java.lang.reflect.Method.invoke(Method.java:507)
	at com.android.internal.os.ZygoteInit$MethodAndArgsCaller.run(ZygoteInit.java:867)
	at com.android.internal.os.ZygoteInit.main(ZygoteInit.java:625)
	at dalvik.system.NativeStart.main(Native Method)

[LocationGS-Logging] error:null Stack:java.lang.NullPointerException
	at com.ubiqlog.sensors.LocationGSSensor.readSensor(LocationGSSensor.java:108)
	at com.ubiqlog.sensors.LocationGSSensor.onConnected(LocationGSSensor.java:145)
	at com.google.android.gms.internal.k.y(Unknown Source)
	at com.google.android.gms.internal.k$f.a(Unknown Source)
	at com.google.android.gms.internal.k$f.a(Unknown Source)
	at com.google.android.gms.internal.k$b.D(Unknown Source)
	at com.google.android.gms.internal.k$a.handleMessage(Unknown Source)
	at android.os.Handler.dispatchMessage(Handler.java:99)
	at android.os.Looper.loop(Looper.java:130)
	at android.app.ActivityThread.main(ActivityThread.java:3687)
	at java.lang.reflect.Method.invokeNative(Native Method)
	at java.lang.reflect.Method.invoke(Method.java:507)
	at com.android.internal.os.ZygoteInit$MethodAndArgsCaller.run(ZygoteInit.java:867)
	at com.android.internal.os.ZygoteInit.main(ZygoteInit.java:625)
	at dalvik.system.NativeStart.main(Native Method)

[LocationGS-Logging] error:null Stack:java.lang.NullPointerException
	at com.ubiqlog.sensors.LocationGSSensor.readSensor(LocationGSSensor.java:108)
	at com.ubiqlog.sensors.LocationGSSensor.onConnected(LocationGSSensor.java:145)
	at com.google.android.gms.internal.k.y(Unknown Source)
	at com.google.android.gms.internal.k$f.a(Unknown Source)
	at com.google.android.gms.internal.k$f.a(Unknown Source)
	at com.google.android.gms.internal.k$b.D(Unknown Source)
	at com.google.android.gms.internal.k$a.handleMessage(Unknown Source)
	at android.os.Handler.dispatchMessage(Handler.java:99)
	at android.os.Looper.loop(Looper.java:130)
	at android.app.ActivityThread.main(ActivityThread.java:3687)
	at java.lang.reflect.Method.invokeNative(Native Method)
	at java.lang.reflect.Method.invoke(Method.java:507)
	at com.android.internal.os.ZygoteInit$MethodAndArgsCaller.run(ZygoteInit.java:867)
	at com.android.internal.os.ZygoteInit.main(ZygoteInit.java:625)
	at dalvik.system.NativeStart.main(Native Method)

[LocationGS-Logging] error:null Stack:java.lang.NullPointerException
	at com.ubiqlog.sensors.LocationGSSensor.readSensor(LocationGSSensor.java:108)
	at com.ubiqlog.sensors.LocationGSSensor.onConnected(LocationGSSensor.java:145)
	at com.google.android.gms.internal.k.y(Unknown Source)
	at com.google.android.gms.internal.k$f.a(Unknown Source)
	at com.google.android.gms.internal.k$f.a(Unknown Source)
	at com.google.android.gms.internal.k$b.D(Unknown Source)
	at com.google.android.gms.internal.k$a.handleMessage(Unknown Source)
	at android.os.Handler.dispatchMessage(Handler.java:99)
	at android.os.Looper.loop(Looper.java:130)
	at android.app.ActivityThread.main(ActivityThread.java:3687)
	at java.lang.reflect.Method.invokeNative(Native Method)
	at java.lang.reflect.Method.invoke(Method.java:507)
	at com.android.internal.os.ZygoteInit$MethodAndArgsCaller.run(ZygoteInit.java:867)
	at com.android.internal.os.ZygoteInit.main(ZygoteInit.java:625)
	at dalvik.system.NativeStart.main(Native Method)

